#
# There is insufficient memory for the Java Runtime Environment to continue.
# Native memory allocation (mmap) failed to map 2555904 bytes for committing reserved memory.
# Possible reasons:
#   The system is out of physical RAM or swap space
#   In 32 bit mode, the process size limit was hit
# Possible solutions:
#   Reduce memory load on the system
#   Increase physical memory or swap space
#   Check if swap backing store is full
#   Use 64 bit Java on a 64 bit OS
#   Decrease Java heap size (-Xmx/-Xms)
#   Decrease number of Java threads
#   Decrease Java thread stack sizes (-Xss)
#   Set larger code cache with -XX:ReservedCodeCacheSize=
# This output file may be truncated or incomplete.
#
#  Out of Memory Error (os_linux.cpp:2743), pid=16332, tid=0x00007f048e300700
#
# JRE version:  (8.0_191-b12) (build )
# Java VM: Java HotSpot(TM) 64-Bit Server VM (25.191-b12 mixed mode linux-amd64 compressed oops)
# Failed to write core dump. Core dumps have been disabled. To enable core dumping, try "ulimit -c unlimited" before starting Java again
#

---------------  T H R E A D  ---------------

Current thread (0x00007f0488009000):  JavaThread "Unknown thread" [_thread_in_vm, id=16333, stack(0x00007f048e200000,0x00007f048e301000)]

Stack: [0x00007f048e200000,0x00007f048e301000],  sp=0x00007f048e2ff750,  free space=1021k
Native frames: (J=compiled Java code, j=interpreted, Vv=VM code, C=native code)
V  [libjvm.so+0xace425]  VMError::report_and_die()+0x2c5
V  [libjvm.so+0x4deb77]  report_vm_out_of_memory(char const*, int, unsigned long, VMErrorType, char const*)+0x67
V  [libjvm.so+0x90c570]  os::pd_commit_memory(char*, unsigned long, unsigned long, bool)+0x100
V  [libjvm.so+0x903eaf]  os::commit_memory(char*, unsigned long, unsigned long, bool)+0x1f
V  [libjvm.so+0xaca93c]  VirtualSpace::initialize(ReservedSpace, unsigned long)+0x20c
V  [libjvm.so+0x608d54]  CodeHeap::reserve(unsigned long, unsigned long, unsigned long)+0x124
V  [libjvm.so+0x45a73a]  codeCache_init()+0x7a
V  [libjvm.so+0x62f0dc]  init_globals()+0x3c
V  [libjvm.so+0xa74c57]  Threads::create_vm(JavaVMInitArgs*, bool*)+0x257
V  [libjvm.so+0x6d49ff]  JNI_CreateJavaVM+0x4f
C  [libjli.so+0x7e74]  JavaMain+0x84
C  [libpthread.so.0+0x7aa1]


---------------  P R O C E S S  ---------------

Java Threads: ( => current thread )

Other Threads:

=>0x00007f0488009000 (exited) JavaThread "Unknown thread" [_thread_in_vm, id=16333, stack(0x00007f048e200000,0x00007f048e301000)]

VM state:not at safepoint (not fully initialized)

VM Mutex/Monitor currently owned by a thread: None

Deoptimization events (0 events):
No events

Classes redefined (0 events):
No events

Internal exceptions (0 events):
No events

Events (0 events):
No events


Dynamic libraries:
00400000-00401000 r-xp 00000000 08:01 3428964                            /usr/java/jdk1.8.0_191-amd64/jre/bin/java
00600000-00601000 r--p 00000000 08:01 3428964                            /usr/java/jdk1.8.0_191-amd64/jre/bin/java
00601000-00602000 rw-p 00001000 08:01 3428964                            /usr/java/jdk1.8.0_191-amd64/jre/bin/java
01ea3000-01ec4000 rw-p 00000000 00:00 0                                  [heap]
35a8200000-35a8220000 r-xp 00000000 08:01 1310722                        /lib64/ld-2.12.so
35a8420000-35a8421000 r--p 00020000 08:01 1310722                        /lib64/ld-2.12.so
35a8421000-35a8422000 rw-p 00021000 08:01 1310722                        /lib64/ld-2.12.so
35a8422000-35a8423000 rw-p 00000000 00:00 0 
35a8600000-35a878a000 r-xp 00000000 08:01 1310723                        /lib64/libc-2.12.so
35a878a000-35a898a000 ---p 0018a000 08:01 1310723                        /lib64/libc-2.12.so
35a898a000-35a898e000 r--p 0018a000 08:01 1310723                        /lib64/libc-2.12.so
35a898e000-35a8990000 rw-p 0018e000 08:01 1310723                        /lib64/libc-2.12.so
35a8990000-35a8994000 rw-p 00000000 00:00 0 
35a8a00000-35a8a83000 r-xp 00000000 08:01 1310764                        /lib64/libm-2.12.so
35a8a83000-35a8c82000 ---p 00083000 08:01 1310764                        /lib64/libm-2.12.so
35a8c82000-35a8c83000 r--p 00082000 08:01 1310764                        /lib64/libm-2.12.so
35a8c83000-35a8c84000 rw-p 00083000 08:01 1310764                        /lib64/libm-2.12.so
35a8e00000-35a8e17000 r-xp 00000000 08:01 1310726                        /lib64/libpthread-2.12.so
35a8e17000-35a9017000 ---p 00017000 08:01 1310726                        /lib64/libpthread-2.12.so
35a9017000-35a9018000 r--p 00017000 08:01 1310726                        /lib64/libpthread-2.12.so
35a9018000-35a9019000 rw-p 00018000 08:01 1310726                        /lib64/libpthread-2.12.so
35a9019000-35a901d000 rw-p 00000000 00:00 0 
35a9200000-35a9202000 r-xp 00000000 08:01 1310740                        /lib64/libdl-2.12.so
35a9202000-35a9402000 ---p 00002000 08:01 1310740                        /lib64/libdl-2.12.so
35a9402000-35a9403000 r--p 00002000 08:01 1310740                        /lib64/libdl-2.12.so
35a9403000-35a9404000 rw-p 00003000 08:01 1310740                        /lib64/libdl-2.12.so
35a9600000-35a9607000 r-xp 00000000 08:01 1310727                        /lib64/librt-2.12.so
35a9607000-35a9806000 ---p 00007000 08:01 1310727                        /lib64/librt-2.12.so
35a9806000-35a9807000 r--p 00006000 08:01 1310727                        /lib64/librt-2.12.so
35a9807000-35a9808000 rw-p 00007000 08:01 1310727                        /lib64/librt-2.12.so
7f0479000000-7f0488000000 ---p 00000000 00:00 0 
7f0488000000-7f048802e000 rw-p 00000000 00:00 0 
7f048802e000-7f048c000000 ---p 00000000 00:00 0 
7f048d6ed000-7f048d980000 rw-p 00000000 00:00 0 
7f048d980000-7f048d99a000 r-xp 00000000 08:01 4469100                    /usr/java/jdk1.8.0_191-amd64/jre/lib/amd64/libzip.so
7f048d99a000-7f048db9a000 ---p 0001a000 08:01 4469100                    /usr/java/jdk1.8.0_191-amd64/jre/lib/amd64/libzip.so
7f048db9a000-7f048db9b000 r--p 0001a000 08:01 4469100                    /usr/java/jdk1.8.0_191-amd64/jre/lib/amd64/libzip.so
7f048db9b000-7f048db9c000 rw-p 0001b000 08:01 4469100                    /usr/java/jdk1.8.0_191-amd64/jre/lib/amd64/libzip.so
7f048db9c000-7f048dba9000 r-xp 00000000 08:01 1310801                    /lib64/libnss_files-2.12.so
7f048dba9000-7f048dda8000 ---p 0000d000 08:01 1310801                    /lib64/libnss_files-2.12.so
7f048dda8000-7f048dda9000 r--p 0000c000 08:01 1310801                    /lib64/libnss_files-2.12.so
7f048dda9000-7f048ddaa000 rw-p 0000d000 08:01 1310801                    /lib64/libnss_files-2.12.so
7f048ddc2000-7f048ddef000 r-xp 00000000 08:01 4469064                    /usr/java/jdk1.8.0_191-amd64/jre/lib/amd64/libjava.so
7f048ddef000-7f048dfee000 ---p 0002d000 08:01 4469064                    /usr/java/jdk1.8.0_191-amd64/jre/lib/amd64/libjava.so
7f048dfee000-7f048dfef000 r--p 0002c000 08:01 4469064                    /usr/java/jdk1.8.0_191-amd64/jre/lib/amd64/libjava.so
7f048dfef000-7f048dff1000 rw-p 0002d000 08:01 4469064                    /usr/java/jdk1.8.0_191-amd64/jre/lib/amd64/libjava.so
7f048dff1000-7f048dffe000 r-xp 00000000 08:01 4469099                    /usr/java/jdk1.8.0_191-amd64/jre/lib/amd64/libverify.so
7f048dffe000-7f048e1fd000 ---p 0000d000 08:01 4469099                    /usr/java/jdk1.8.0_191-amd64/jre/lib/amd64/libverify.so
7f048e1fd000-7f048e1ff000 r--p 0000c000 08:01 4469099                    /usr/java/jdk1.8.0_191-amd64/jre/lib/amd64/libverify.so
7f048e1ff000-7f048e200000 rw-p 0000e000 08:01 4469099                    /usr/java/jdk1.8.0_191-amd64/jre/lib/amd64/libverify.so
7f048e200000-7f048e203000 ---p 00000000 00:00 0 
7f048e203000-7f048e301000 rw-p 00000000 00:00 0 
7f048e301000-7f048efe3000 r-xp 00000000 08:01 4469104                    /usr/java/jdk1.8.0_191-amd64/jre/lib/amd64/server/libjvm.so
7f048efe3000-7f048f1e3000 ---p 00ce2000 08:01 4469104                    /usr/java/jdk1.8.0_191-amd64/jre/lib/amd64/server/libjvm.so
7f048f1e3000-7f048f279000 r--p 00ce2000 08:01 4469104                    /usr/java/jdk1.8.0_191-amd64/jre/lib/amd64/server/libjvm.so
7f048f279000-7f048f2aa000 rw-p 00d78000 08:01 4469104                    /usr/java/jdk1.8.0_191-amd64/jre/lib/amd64/server/libjvm.so
7f048f2aa000-7f048f2e8000 rw-p 00000000 00:00 0 
7f048f2e8000-7f048f2ff000 r-xp 00000000 08:01 4469035                    /usr/java/jdk1.8.0_191-amd64/jre/lib/amd64/jli/libjli.so
7f048f2ff000-7f048f4fe000 ---p 00017000 08:01 4469035                    /usr/java/jdk1.8.0_191-amd64/jre/lib/amd64/jli/libjli.so
7f048f4fe000-7f048f4ff000 r--p 00016000 08:01 4469035                    /usr/java/jdk1.8.0_191-amd64/jre/lib/amd64/jli/libjli.so
7f048f4ff000-7f048f500000 rw-p 00017000 08:01 4469035                    /usr/java/jdk1.8.0_191-amd64/jre/lib/amd64/jli/libjli.so
7f048f500000-7f048f501000 rw-p 00000000 00:00 0 
7f048f50c000-7f048f50f000 rw-p 00000000 00:00 0 
7f048f50f000-7f048f517000 rw-s 00000000 08:03 458754                     /tmp/hsperfdata_cp14lt/16332
7f048f517000-7f048f518000 rw-p 00000000 00:00 0 
7f048f518000-7f048f519000 r--p 00000000 00:00 0 
7f048f519000-7f048f51a000 rw-p 00000000 00:00 0 
7ffd2d31a000-7ffd2d32f000 rw-p 00000000 00:00 0                          [stack]
7ffd2d3e0000-7ffd2d3e1000 r-xp 00000000 00:00 0                          [vdso]
ffffffffff600000-ffffffffff601000 r-xp 00000000 00:00 0                  [vsyscall]

VM Arguments:
java_command: StartAlgorithm 2155
java_class_path (initial): .
Launcher Type: SUN_STANDARD

Environment Variables:
PATH=/usr/local/bin:/usr/bin:/bin

Signal Handlers:
SIGSEGV: [libjvm.so+0xaced60], sa_mask[0]=11111111011111111101111111111110, sa_flags=SA_RESTART|SA_SIGINFO
SIGBUS: [libjvm.so+0xaced60], sa_mask[0]=11111111011111111101111111111110, sa_flags=SA_RESTART|SA_SIGINFO
SIGFPE: [libjvm.so+0x907ca0], sa_mask[0]=11111111011111111101111111111110, sa_flags=SA_RESTART|SA_SIGINFO
SIGPIPE: [libjvm.so+0x907ca0], sa_mask[0]=11111111011111111101111111111110, sa_flags=SA_RESTART|SA_SIGINFO
SIGXFSZ: [libjvm.so+0x907ca0], sa_mask[0]=11111111011111111101111111111110, sa_flags=SA_RESTART|SA_SIGINFO
SIGILL: [libjvm.so+0x907ca0], sa_mask[0]=11111111011111111101111111111110, sa_flags=SA_RESTART|SA_SIGINFO
SIGUSR1: SIG_DFL, sa_mask[0]=00000000000000000000000000000000, sa_flags=none
SIGUSR2: [libjvm.so+0x907b70], sa_mask[0]=00000000000000000000000000000000, sa_flags=SA_RESTART|SA_SIGINFO
SIGHUP: SIG_DFL, sa_mask[0]=00000000000000000000000000000000, sa_flags=none
SIGINT: SIG_DFL, sa_mask[0]=00000000000000000000000000000000, sa_flags=none
SIGTERM: SIG_DFL, sa_mask[0]=00000000000000000000000000000000, sa_flags=none
SIGQUIT: SIG_DFL, sa_mask[0]=00000000000000000000000000000000, sa_flags=none


---------------  S Y S T E M  ---------------

OS:Red Hat Enterprise Linux Server release 6.10 (Santiago)

uname:Linux 2.6.32-754.10.1.el6.x86_64 #1 SMP Thu Nov 29 15:44:01 EST 2018 x86_64
libc:glibc 2.12 NPTL 2.12 
rlimit: STACK 10240k, CORE 0k, NPROC 255768, NOFILE 4096, AS infinity
load average:0.00 0.00 -nan

/proc/meminfo:

container (cgroup) information:
container_type: cgroupv1
cpu_cpuset_cpus: failed
cpu_memory_nodes: failed
active_processor_count: 16
cpu_quota: -2
cpu_period: -2
cpu_shares: -2
memory_limit_in_bytes: -2
memory_and_swap_limit_in_bytes: -2
memory_soft_limit_in_bytes: -2
memory_usage_in_bytes: -2
memory_max_usage_in_bytes: -2


CPU:total 16 (initial active 16) 

/proc/cpuinfo:
  <Not Available>

Memory: 4k page, physical 18014398509481980k(39302776k free), swap 16785232k(16746440k free)

vm_info: Java HotSpot(TM) 64-Bit Server VM (25.191-b12) for linux-amd64 JRE (1.8.0_191-b12), built on Oct  6 2018 05:43:09 by "java_re" with gcc 7.3.0

time: Wed Mar  6 09:13:44 2019
elapsed time: 0 seconds (0d 0h 0m 0s)

